0 info it worked if it ends with ok
1 verbose cli [
1 verbose cli   'D:\\nodejs\\path\\node.exe',
1 verbose cli   'D:\\nodejs\\path\\node_modules\\npm\\bin\\npm-cli.js',
1 verbose cli   'run',
1 verbose cli   'serve'
1 verbose cli ]
2 info using npm@6.14.8
3 info using node@v14.14.0
4 verbose run-script [ 'preserve', 'serve', 'postserve' ]
5 info lifecycle vue-typescript-admin-template@0.1.0~preserve: vue-typescript-admin-template@0.1.0
6 info lifecycle vue-typescript-admin-template@0.1.0~serve: vue-typescript-admin-template@0.1.0
7 verbose lifecycle vue-typescript-admin-template@0.1.0~serve: unsafe-perm in lifecycle true
8 verbose lifecycle vue-typescript-admin-template@0.1.0~serve: PATH: D:\nodejs\nvm\v14.14.0\node_modules\npm\node_modules\npm-lifecycle\node-gyp-bin;D:\project\vue练习\苍穹外卖\project-sky-admin-vue-ts\node_modules\.bin;C:\Program Files (x86)\Razer Chroma SDK\bin;D:\JavaJDK\jdk-17.0.6\bin;D:\JavaJDK\jdk-17.0.6\jre\bin;D:\Java\Maven\apache-maven-3.6.1\bin;C:\Program Files\Razer Chroma SDK\bin;C:\Program Files (x86)\Razer\ChromaBroadcast\bin;C:\Program Files\Razer\ChromaBroadcast\bin;C:\Program Files (x86)\Lenovo\PCManager\5.0.65.12202\Security\service;C:\Program Files (x86)\Lenovo\PCManager\5.0.65.12202\;C:\Program Files (x86)\Lenovo\PCManager\5.0.65.12202\;C:\Windows\system32;C:\Windows;C:\Windows\System32\Wbem;C:\Windows\System32\WindowsPowerShell\v1.0\;C:\Windows\System32\OpenSSH\;C:\WINDOWS\system32;C:\WINDOWS;C:\WINDOWS\System32\Wbem;C:\WINDOWS\System32\WindowsPowerShell\v1.0\;C:\WINDOWS\System32\OpenSSH\;C:\WINDOWS\system32\config\systemprofile\AppData\Local\Microsoft\WindowsApps;C:\Users\lcf54\AppData\Local\Microsoft\WindowsApps;C:\Program Files (x86)\Lenovo\PCManager\5.0.65.12202\;D:\Git\cmd;D:\Program Files\bin;C:\Program Files\Microsoft SQL Server\150\Tools\Binn\;C:\Program Files (x86)\NVIDIA Corporation\PhysX\Common;C:\Program Files\NVIDIA Corporation\NVIDIA NvDLISR;C:\Program Files\dotnet\;D:\MySQL\Server\bin;D:\SoftWear\wechat_devtools\dll;D:\nodejs\nvm;D:\nodejs\path;D:\Java\Redis-x64-3.2.100;D:\MySQL\shell\bin\;D:\cpolar\;D:\nodejs\nvm;D:\nodejs\path
9 verbose lifecycle vue-typescript-admin-template@0.1.0~serve: CWD: D:\project\vue练习\#67c23a9e\project-sky-admin-vue-ts
10 silly lifecycle vue-typescript-admin-template@0.1.0~serve: Args: [ '/d /s /c', 'vue-cli-service serve' ]
11 silly lifecycle vue-typescript-admin-template@0.1.0~serve: Returned: code: 1  signal: null
12 info lifecycle vue-typescript-admin-template@0.1.0~serve: Failed to exec serve script
13 verbose stack Error: vue-typescript-admin-template@0.1.0 serve: `vue-cli-service serve`
13 verbose stack Exit status 1
13 verbose stack     at EventEmitter.<anonymous> (D:\nodejs\nvm\v14.14.0\node_modules\npm\node_modules\npm-lifecycle\index.js:332:16)
13 verbose stack     at EventEmitter.emit (events.js:315:20)
13 verbose stack     at ChildProcess.<anonymous> (D:\nodejs\nvm\v14.14.0\node_modules\npm\node_modules\npm-lifecycle\lib\spawn.js:55:14)
13 verbose stack     at ChildProcess.emit (events.js:315:20)
13 verbose stack     at maybeClose (internal/child_process.js:1048:16)
13 verbose stack     at Process.ChildProcess._handle.onexit (internal/child_process.js:288:5)
14 verbose pkgid vue-typescript-admin-template@0.1.0
15 verbose cwd D:\project\vue练习\苍穹外卖\project-sky-admin-vue-ts
16 verbose Windows_NT 10.0.22000
17 verbose argv "D:\\nodejs\\path\\node.exe" "D:\\nodejs\\path\\node_modules\\npm\\bin\\npm-cli.js" "run" "serve"
18 verbose node v14.14.0
19 verbose npm  v6.14.8
20 error code ELIFECYCLE
21 error errno 1
22 error vue-typescript-admin-template@0.1.0 serve: `vue-cli-service serve`
22 error Exit status 1
23 error Failed at the vue-typescript-admin-template@0.1.0 serve script.
23 error This is probably not a problem with npm. There is likely additional logging output above.
24 verbose exit [ 1, true ]
